j:\mycode\projectcode\distributiondtu\zfreego.distributiondtu\dll\distribution\x64\release\vc140.pdb
j:\mycode\projectcode\distributiondtu\zfreego.distributiondtu\dll\distribution\x64\release\stdafx.obj
j:\mycode\projectcode\distributiondtu\zfreego.distributiondtu\dll\distribution\x64\release\distribution.obj
j:\mycode\projectcode\distributiondtu\zfreego.distributiondtu\dll\distribution\x64\release\dllmain.obj
j:\mycode\projectcode\distributiondtu\zfreego.distributiondtu\dll\distribution\x64\release\crc16.obj
j:\mycode\projectcode\distributiondtu\zfreego.distributiondtu\dll\distribution\x64\release\helper.obj
j:\mycode\projectcode\distributiondtu\zfreego.distributiondtu\dll\distribution\x64\release\buffer.obj
j:\mycode\projectcode\distributiondtu\zfreego.distributiondtu\dll\distribution\x64\release\station_manager.obj
j:\mycode\projectcode\distributiondtu\zfreego.distributiondtu\dll\distribution\x64\release\router.obj
j:\mycode\projectcode\distributiondtu\zfreego.distributiondtu\dll\distribution\x64\release\power_area.obj
j:\mycode\projectcode\distributiondtu\zfreego.distributiondtu\dll\distribution\x64\release\parse_implement.obj
j:\mycode\projectcode\distributiondtu\zfreego.distributiondtu\dll\distribution\x64\release\logical_simulation.obj
j:\mycode\projectcode\distributiondtu\zfreego.distributiondtu\dll\distribution\x64\release\fault_treatment.obj
j:\mycode\projectcode\distributiondtu\zfreego.distributiondtu\dll\distribution\x64\release\fault_removal.obj
j:\mycode\projectcode\distributiondtu\zfreego.distributiondtu\dll\distribution\x64\release\distribution_interface.obj
j:\mycode\projectcode\distributiondtu\zfreego.distributiondtu\dll\distribution\x64\release\distribution_helper.obj
j:\mycode\projectcode\distributiondtu\zfreego.distributiondtu\dll\distribution\x64\release\list.obj
j:\mycode\projectcode\distributiondtu\zfreego.distributiondtu\dll\distribution\x64\release\distribution_test_case.obj
j:\mycode\projectcode\distributiondtu\zfreego.distributiondtu\dll\distribution\x64\release\topology.obj
j:\mycode\projectcode\distributiondtu\zfreego.distributiondtu\dll\distribution\x64\release\rtuframe.obj
j:\mycode\projectcode\distributiondtu\zfreego.distributiondtu\x64\release\distribution.dll
j:\mycode\projectcode\distributiondtu\zfreego.distributiondtu\x64\release\distribution.ipdb
j:\mycode\projectcode\distributiondtu\zfreego.distributiondtu\x64\release\distribution.iobj
j:\mycode\projectcode\distributiondtu\zfreego.distributiondtu\x64\release\distribution.pdb
j:\mycode\projectcode\distributiondtu\zfreego.distributiondtu\dll\distribution\x64\release\distribution.tlog\cl.command.1.tlog
j:\mycode\projectcode\distributiondtu\zfreego.distributiondtu\dll\distribution\x64\release\distribution.tlog\cl.read.1.tlog
j:\mycode\projectcode\distributiondtu\zfreego.distributiondtu\dll\distribution\x64\release\distribution.tlog\cl.write.1.tlog
j:\mycode\projectcode\distributiondtu\zfreego.distributiondtu\dll\distribution\x64\release\distribution.tlog\link.command.1.tlog
j:\mycode\projectcode\distributiondtu\zfreego.distributiondtu\dll\distribution\x64\release\distribution.tlog\link.read.1.tlog
j:\mycode\projectcode\distributiondtu\zfreego.distributiondtu\dll\distribution\x64\release\distribution.tlog\link.write.1.tlog
