e:\project\distributiondtu\distribution\zfreego.distributiondtu\dll\distribution\debug\vc141.pdb
e:\project\distributiondtu\distribution\zfreego.distributiondtu\dll\distribution\debug\vc141.idb
e:\project\distributiondtu\distribution\zfreego.distributiondtu\dll\distribution\debug\buffer.sbr
e:\project\distributiondtu\distribution\zfreego.distributiondtu\dll\distribution\debug\helper.sbr
e:\project\distributiondtu\distribution\zfreego.distributiondtu\dll\distribution\debug\list.sbr
e:\project\distributiondtu\distribution\zfreego.distributiondtu\dll\distribution\debug\log.sbr
e:\project\distributiondtu\distribution\zfreego.distributiondtu\dll\distribution\debug\log.pb.sbr
e:\project\distributiondtu\distribution\zfreego.distributiondtu\dll\distribution\debug\station.sbr
e:\project\distributiondtu\distribution\zfreego.distributiondtu\dll\distribution\debug\station.pb.sbr
e:\project\distributiondtu\distribution\zfreego.distributiondtu\dll\distribution\debug\router.sbr
e:\project\distributiondtu\distribution\zfreego.distributiondtu\dll\distribution\debug\pb_common.sbr
e:\project\distributiondtu\distribution\zfreego.distributiondtu\dll\distribution\debug\pb_decode.sbr
e:\project\distributiondtu\distribution\zfreego.distributiondtu\dll\distribution\debug\pb_encode.sbr
e:\project\distributiondtu\distribution\zfreego.distributiondtu\dll\distribution\debug\crc16.sbr
e:\project\distributiondtu\distribution\zfreego.distributiondtu\dll\distribution\debug\rtuframe.sbr
e:\project\distributiondtu\distribution\zfreego.distributiondtu\dll\distribution\debug\stdafx.sbr
e:\project\distributiondtu\distribution\zfreego.distributiondtu\dll\distribution\debug\stdafx.obj
e:\project\distributiondtu\distribution\zfreego.distributiondtu\dll\distribution\debug\rtuframe.obj
e:\project\distributiondtu\distribution\zfreego.distributiondtu\dll\distribution\debug\crc16.obj
e:\project\distributiondtu\distribution\zfreego.distributiondtu\dll\distribution\debug\pb_encode.obj
e:\project\distributiondtu\distribution\zfreego.distributiondtu\dll\distribution\debug\pb_decode.obj
e:\project\distributiondtu\distribution\zfreego.distributiondtu\dll\distribution\debug\pb_common.obj
e:\project\distributiondtu\distribution\zfreego.distributiondtu\dll\distribution\debug\router.obj
e:\project\distributiondtu\distribution\zfreego.distributiondtu\dll\distribution\debug\station.pb.obj
e:\project\distributiondtu\distribution\zfreego.distributiondtu\dll\distribution\debug\station.obj
e:\project\distributiondtu\distribution\zfreego.distributiondtu\dll\distribution\debug\log.pb.obj
e:\project\distributiondtu\distribution\zfreego.distributiondtu\dll\distribution\debug\log.obj
e:\project\distributiondtu\distribution\zfreego.distributiondtu\dll\distribution\debug\list.obj
e:\project\distributiondtu\distribution\zfreego.distributiondtu\dll\distribution\debug\helper.obj
e:\project\distributiondtu\distribution\zfreego.distributiondtu\dll\distribution\debug\buffer.obj
e:\project\distributiondtu\distribution\zfreego.distributiondtu\dll\distribution\debug\dllmain.sbr
e:\project\distributiondtu\distribution\zfreego.distributiondtu\dll\distribution\debug\dllmain.obj
e:\project\distributiondtu\distribution\zfreego.distributiondtu\dll\distribution\debug\callinterface.sbr
e:\project\distributiondtu\distribution\zfreego.distributiondtu\dll\distribution\debug\callinterface.obj
e:\project\distributiondtu\distribution\zfreego.distributiondtu\debug\distribution.lib
e:\project\distributiondtu\distribution\zfreego.distributiondtu\debug\distribution.exp
e:\project\distributiondtu\distribution\zfreego.distributiondtu\debug\distribution.ilk
e:\project\distributiondtu\distribution\zfreego.distributiondtu\debug\distribution.dll
e:\project\distributiondtu\distribution\zfreego.distributiondtu\debug\distribution.pdb
e:\project\distributiondtu\distribution\zfreego.distributiondtu\debug\distribution.bsc
e:\project\distributiondtu\distribution\zfreego.distributiondtu\dll\distribution\debug\distribution.tlog\bscmake.command.1.tlog
e:\project\distributiondtu\distribution\zfreego.distributiondtu\dll\distribution\debug\distribution.tlog\bscmake.read.1.tlog
e:\project\distributiondtu\distribution\zfreego.distributiondtu\dll\distribution\debug\distribution.tlog\cl.command.1.tlog
e:\project\distributiondtu\distribution\zfreego.distributiondtu\dll\distribution\debug\distribution.tlog\cl.read.1.tlog
e:\project\distributiondtu\distribution\zfreego.distributiondtu\dll\distribution\debug\distribution.tlog\cl.write.1.tlog
e:\project\distributiondtu\distribution\zfreego.distributiondtu\dll\distribution\debug\distribution.tlog\distribution.write.1u.tlog
e:\project\distributiondtu\distribution\zfreego.distributiondtu\dll\distribution\debug\distribution.tlog\link.command.1.tlog
e:\project\distributiondtu\distribution\zfreego.distributiondtu\dll\distribution\debug\distribution.tlog\link.read.1.tlog
e:\project\distributiondtu\distribution\zfreego.distributiondtu\dll\distribution\debug\distribution.tlog\link.write.1.tlog
