j:\mycode\projectcode\distributiondtu\zfreego.distributiondtu\dll\distribution\x64\debug\vc140.pdb
j:\mycode\projectcode\distributiondtu\zfreego.distributiondtu\dll\distribution\x64\debug\vc140.idb
j:\mycode\projectcode\distributiondtu\zfreego.distributiondtu\dll\distribution\x64\debug\buffer.obj
j:\mycode\projectcode\distributiondtu\zfreego.distributiondtu\dll\distribution\x64\debug\helper.obj
j:\mycode\projectcode\distributiondtu\zfreego.distributiondtu\dll\distribution\x64\debug\list.obj
j:\mycode\projectcode\distributiondtu\zfreego.distributiondtu\dll\distribution\x64\debug\log.obj
j:\mycode\projectcode\distributiondtu\zfreego.distributiondtu\dll\distribution\x64\debug\log.pb.obj
j:\mycode\projectcode\distributiondtu\zfreego.distributiondtu\dll\distribution\x64\debug\station.obj
j:\mycode\projectcode\distributiondtu\zfreego.distributiondtu\dll\distribution\x64\debug\station.pb.obj
j:\mycode\projectcode\distributiondtu\zfreego.distributiondtu\dll\distribution\x64\debug\router.obj
j:\mycode\projectcode\distributiondtu\zfreego.distributiondtu\dll\distribution\x64\debug\pb_common.obj
j:\mycode\projectcode\distributiondtu\zfreego.distributiondtu\dll\distribution\x64\debug\pb_decode.obj
j:\mycode\projectcode\distributiondtu\zfreego.distributiondtu\dll\distribution\x64\debug\pb_encode.obj
j:\mycode\projectcode\distributiondtu\zfreego.distributiondtu\dll\distribution\x64\debug\crc16.obj
j:\mycode\projectcode\distributiondtu\zfreego.distributiondtu\dll\distribution\x64\debug\rtuframe.obj
j:\mycode\projectcode\distributiondtu\zfreego.distributiondtu\dll\distribution\x64\debug\stdafx.obj
j:\mycode\projectcode\distributiondtu\zfreego.distributiondtu\dll\distribution\x64\debug\dllmain.obj
j:\mycode\projectcode\distributiondtu\zfreego.distributiondtu\dll\distribution\x64\debug\callinterface.obj
j:\mycode\projectcode\distributiondtu\zfreego.distributiondtu\x64\debug\distribution.lib
j:\mycode\projectcode\distributiondtu\zfreego.distributiondtu\x64\debug\distribution.exp
j:\mycode\projectcode\distributiondtu\zfreego.distributiondtu\x64\debug\distribution.ilk
j:\mycode\projectcode\distributiondtu\zfreego.distributiondtu\x64\debug\distribution.dll
j:\mycode\projectcode\distributiondtu\zfreego.distributiondtu\x64\debug\distribution.pdb
j:\mycode\projectcode\distributiondtu\zfreego.distributiondtu\dll\distribution\x64\debug\distribution.tlog\cl.command.1.tlog
j:\mycode\projectcode\distributiondtu\zfreego.distributiondtu\dll\distribution\x64\debug\distribution.tlog\cl.read.1.tlog
j:\mycode\projectcode\distributiondtu\zfreego.distributiondtu\dll\distribution\x64\debug\distribution.tlog\cl.write.1.tlog
j:\mycode\projectcode\distributiondtu\zfreego.distributiondtu\dll\distribution\x64\debug\distribution.tlog\distribution.write.1u.tlog
j:\mycode\projectcode\distributiondtu\zfreego.distributiondtu\dll\distribution\x64\debug\distribution.tlog\link.command.1.tlog
j:\mycode\projectcode\distributiondtu\zfreego.distributiondtu\dll\distribution\x64\debug\distribution.tlog\link.read.1.tlog
j:\mycode\projectcode\distributiondtu\zfreego.distributiondtu\dll\distribution\x64\debug\distribution.tlog\link.write.1.tlog
